0 info it worked if it ends with ok
1 verbose cli [ '/usr/local/bin/node', '/usr/local/bin/npm', 'run', 'build' ]
2 info using npm@3.10.8
3 info using node@v6.9.1
4 verbose run-script [ 'prebuild', 'build', 'postbuild' ]
5 info lifecycle vue-custom-plugin@0.0.1~prebuild: vue-custom-plugin@0.0.1
6 silly lifecycle vue-custom-plugin@0.0.1~prebuild: no script for prebuild, continuing
7 info lifecycle vue-custom-plugin@0.0.1~build: vue-custom-plugin@0.0.1
8 verbose lifecycle vue-custom-plugin@0.0.1~build: unsafe-perm in lifecycle true
9 verbose lifecycle vue-custom-plugin@0.0.1~build: PATH: /usr/local/lib/node_modules/npm/bin/node-gyp-bin:/Users/jisooyoon/Documents/Project/WebStorm/Study/Vue.js_Study/chapter2/node_modules/.bin:/usr/local/bin:/usr/bin:/bin:/usr/sbin:/sbin:/Users/jisooyoon/.rvm/bin
10 verbose lifecycle vue-custom-plugin@0.0.1~build: CWD: /Users/jisooyoon/Documents/Project/WebStorm/Study/Vue.js_Study/chapter2
11 silly lifecycle vue-custom-plugin@0.0.1~build: Args: [ '-c',
11 silly lifecycle   'browserify 3_plugin_script.js -o main.js -t [ babelify --presets [ es2015 ] ]' ]
12 silly lifecycle vue-custom-plugin@0.0.1~build: Returned: code: 1  signal: null
13 info lifecycle vue-custom-plugin@0.0.1~build: Failed to exec build script
14 verbose stack Error: vue-custom-plugin@0.0.1 build: `browserify 3_plugin_script.js -o main.js -t [ babelify --presets [ es2015 ] ]`
14 verbose stack Exit status 1
14 verbose stack     at EventEmitter.<anonymous> (/usr/local/lib/node_modules/npm/lib/utils/lifecycle.js:255:16)
14 verbose stack     at emitTwo (events.js:106:13)
14 verbose stack     at EventEmitter.emit (events.js:191:7)
14 verbose stack     at ChildProcess.<anonymous> (/usr/local/lib/node_modules/npm/lib/utils/spawn.js:40:14)
14 verbose stack     at emitTwo (events.js:106:13)
14 verbose stack     at ChildProcess.emit (events.js:191:7)
14 verbose stack     at maybeClose (internal/child_process.js:877:16)
14 verbose stack     at Process.ChildProcess._handle.onexit (internal/child_process.js:226:5)
15 verbose pkgid vue-custom-plugin@0.0.1
16 verbose cwd /Users/jisooyoon/Documents/Project/WebStorm/Study/Vue.js_Study/chapter2
17 error Darwin 16.7.0
18 error argv "/usr/local/bin/node" "/usr/local/bin/npm" "run" "build"
19 error node v6.9.1
20 error npm  v3.10.8
21 error code ELIFECYCLE
22 error vue-custom-plugin@0.0.1 build: `browserify 3_plugin_script.js -o main.js -t [ babelify --presets [ es2015 ] ]`
22 error Exit status 1
23 error Failed at the vue-custom-plugin@0.0.1 build script 'browserify 3_plugin_script.js -o main.js -t [ babelify --presets [ es2015 ] ]'.
23 error Make sure you have the latest version of node.js and npm installed.
23 error If you do, this is most likely a problem with the vue-custom-plugin package,
23 error not with npm itself.
23 error Tell the author that this fails on your system:
23 error     browserify 3_plugin_script.js -o main.js -t [ babelify --presets [ es2015 ] ]
23 error You can get information on how to open an issue for this project with:
23 error     npm bugs vue-custom-plugin
23 error Or if that isn't available, you can get their info via:
23 error     npm owner ls vue-custom-plugin
23 error There is likely additional logging output above.
24 verbose exit [ 1, true ]
